2018-10-25 15:54:18,854 [279] ERROR Console - System.Data.SqlClient.SqlException (0x80131904): 数据库中已存在名为 'Biz_RegulationFile' 的对象。
   在 System.Data.SqlClient.SqlConnection.OnError(SqlException exception, Boolean breakConnection, Action`1 wrapCloseInAction)
   在 System.Data.SqlClient.SqlInternalConnection.OnError(SqlException exception, Boolean breakConnection, Action`1 wrapCloseInAction)
   在 System.Data.SqlClient.TdsParser.ThrowExceptionAndWarning(TdsParserStateObject stateObj, Boolean callerHasConnectionLock, Boolean asyncClose)
   在 System.Data.SqlClient.TdsParser.TryRun(RunBehavior runBehavior, SqlCommand cmdHandler, SqlDataReader dataStream, BulkCopySimpleResultSet bulkCopyHandler, TdsParserStateObject stateObj, Boolean& dataReady)
   在 System.Data.SqlClient.SqlCommand.RunExecuteNonQueryTds(String methodName, Boolean async, Int32 timeout, Boolean asyncWrite)
   在 System.Data.SqlClient.SqlCommand.InternalExecuteNonQuery(TaskCompletionSource`1 completion, String methodName, Boolean sendToPipe, Int32 timeout, Boolean& usedCache, Boolean asyncWrite, Boolean inRetry)
   在 System.Data.SqlClient.SqlCommand.ExecuteNonQuery()
   在 System.Data.Entity.Infrastructure.Interception.DbCommandDispatcher.<NonQuery>b__0(DbCommand t, DbCommandInterceptionContext`1 c)
   在 System.Data.Entity.Infrastructure.Interception.InternalDispatcher`1.Dispatch[TTarget,TInterceptionContext,TResult](TTarget target, Func`3 operation, TInterceptionContext interceptionContext, Action`3 executing, Action`3 executed)
   在 System.Data.Entity.Infrastructure.Interception.DbCommandDispatcher.NonQuery(DbCommand command, DbCommandInterceptionContext interceptionContext)
   在 System.Data.Entity.Internal.InterceptableDbCommand.ExecuteNonQuery()
   在 System.Data.Entity.Migrations.DbMigrator.ExecuteSql(MigrationStatement migrationStatement, DbConnection connection, DbTransaction transaction, DbInterceptionContext interceptionContext)
   在 System.Data.Entity.Migrations.DbMigrator.ExecuteStatementsInternal(IEnumerable`1 migrationStatements, DbConnection connection, DbTransaction transaction, DbInterceptionContext interceptionContext)
   在 System.Data.Entity.Migrations.DbMigrator.ExecuteStatementsWithinTransaction(IEnumerable`1 migrationStatements, DbTransaction transaction, DbInterceptionContext interceptionContext)
   在 System.Data.Entity.Migrations.DbMigrator.ExecuteStatementsWithinNewTransaction(IEnumerable`1 migrationStatements, DbConnection connection, DbInterceptionContext interceptionContext)
   在 System.Data.Entity.Migrations.DbMigrator.ExecuteStatementsInternal(IEnumerable`1 migrationStatements, DbConnection connection, DbInterceptionContext interceptionContext)
   在 System.Data.Entity.Migrations.DbMigrator.ExecuteStatementsInternal(IEnumerable`1 migrationStatements, DbConnection connection)
   在 System.Data.Entity.Migrations.DbMigrator.<>c__DisplayClass32.<ExecuteStatements>b__30()
   在 System.Data.Entity.SqlServer.DefaultSqlExecutionStrategy.<>c__DisplayClass1.<Execute>b__0()
   在 System.Data.Entity.SqlServer.DefaultSqlExecutionStrategy.Execute[TResult](Func`1 operation)
   在 System.Data.Entity.SqlServer.DefaultSqlExecutionStrategy.Execute(Action operation)
   在 System.Data.Entity.Migrations.DbMigrator.ExecuteStatements(IEnumerable`1 migrationStatements, DbTransaction existingTransaction)
   在 System.Data.Entity.Migrations.DbMigrator.ExecuteStatements(IEnumerable`1 migrationStatements)
   在 System.Data.Entity.Migrations.DbMigrator.ExecuteOperations(String migrationId, VersionedModel targetModel, IEnumerable`1 operations, IEnumerable`1 systemOperations, Boolean downgrading, Boolean auto)
   在 System.Data.Entity.Migrations.DbMigrator.AutoMigrate(String migrationId, VersionedModel sourceModel, VersionedModel targetModel, Boolean downgrading)
   在 System.Data.Entity.Migrations.DbMigrator.Upgrade(IEnumerable`1 pendingMigrations, String targetMigrationId, String lastMigrationId)
   在 System.Data.Entity.Migrations.DbMigrator.UpdateInternal(String targetMigration)
   在 System.Data.Entity.Migrations.DbMigrator.<>c__DisplayClasse.<Update>b__d()
   在 System.Data.Entity.Migrations.DbMigrator.EnsureDatabaseExists(Action mustSucceedToKeepDatabase)
   在 System.Data.Entity.Migrations.DbMigrator.Update(String targetMigration)
   在 System.Data.Entity.MigrateDatabaseToLatestVersion`2.InitializeDatabase(TContext context)
   在 System.Data.Entity.Internal.InternalContext.<>c__DisplayClassf`1.<CreateInitializationAction>b__e()
   在 System.Data.Entity.Internal.InternalContext.PerformInitializationAction(Action action)
   在 System.Data.Entity.Internal.InternalContext.PerformDatabaseInitialization()
   在 System.Data.Entity.Internal.LazyInternalContext.<InitializeDatabase>b__4(InternalContext c)
   在 System.Data.Entity.Internal.RetryAction`1.PerformAction(TInput input)
   在 System.Data.Entity.Internal.LazyInternalContext.InitializeDatabaseAction(Action`1 action)
   在 System.Data.Entity.Internal.LazyInternalContext.InitializeDatabase()
   在 System.Data.Entity.Internal.InternalContext.Initialize()
   在 System.Data.Entity.Internal.InternalContext.GetEntitySetAndBaseTypeForType(Type entityType)
   在 System.Data.Entity.Internal.Linq.InternalSet`1.Initialize()
   在 System.Data.Entity.Internal.Linq.InternalSet`1.GetEnumerator()
   在 System.Data.Entity.Infrastructure.DbQuery`1.System.Collections.Generic.IEnumerable<TResult>.GetEnumerator()
   在 System.Collections.Generic.List`1..ctor(IEnumerable`1 collection)
   在 System.Linq.Enumerable.ToList[TSource](IEnumerable`1 source)
   在 Console.CacheUtil.get_AllFuncs() 位置 G:\SourceCode\GTZX\Console\App_Start\CacheUtil.cs:行号 112
   在 Console.CacheUtil.GetForbiddenFuncs() 位置 G:\SourceCode\GTZX\Console\App_Start\CacheUtil.cs:行号 151
   在 ASP._Page_Views_Shared__TopLayout_cshtml.Execute() 位置 g:\SourceCode\GTZX\Console\Views\Shared\_TopLayout.cshtml:行号 23
   在 System.Web.WebPages.WebPageBase.ExecutePageHierarchy()
   在 System.Web.Mvc.WebViewPage.ExecutePageHierarchy()
   在 System.Web.WebPages.WebPageBase.ExecutePageHierarchy(WebPageContext pageContext, TextWriter writer, WebPageRenderingBase startPage)
   在 System.Web.WebPages.WebPageBase.<>c__DisplayClass3.<RenderPageCore>b__2(TextWriter writer)
   在 System.Web.WebPages.HelperResult.WriteTo(TextWriter writer)
   在 System.Web.WebPages.WebPageBase.Write(HelperResult result)
   在 System.Web.WebPages.WebPageBase.RenderSurrounding(String partialViewName, Action`1 body)
   在 System.Web.WebPages.WebPageBase.PopContext()
   在 System.Web.WebPages.WebPageBase.ExecutePageHierarchy(WebPageContext pageContext, TextWriter writer, WebPageRenderingBase startPage)
   在 System.Web.Mvc.RazorView.RenderView(ViewContext viewContext, TextWriter writer, Object instance)
   在 System.Web.Mvc.BuildManagerCompiledView.Render(ViewContext viewContext, TextWriter writer)
   在 System.Web.Mvc.ViewResultBase.ExecuteResult(ControllerContext context)
   在 System.Web.Mvc.ControllerActionInvoker.InvokeActionResult(ControllerContext controllerContext, ActionResult actionResult)
   在 System.Web.Mvc.ControllerActionInvoker.InvokeActionResultFilterRecursive(IList`1 filters, Int32 filterIndex, ResultExecutingContext preContext, ControllerContext controllerContext, ActionResult actionResult)
   在 System.Web.Mvc.ControllerActionInvoker.InvokeActionResultFilterRecursive(IList`1 filters, Int32 filterIndex, ResultExecutingContext preContext, ControllerContext controllerContext, ActionResult actionResult)
   在 System.Web.Mvc.ControllerActionInvoker.InvokeActionResultFilterRecursive(IList`1 filters, Int32 filterIndex, ResultExecutingContext preContext, ControllerContext controllerContext, ActionResult actionResult)
   在 System.Web.Mvc.ControllerActionInvoker.InvokeActionResultFilterRecursive(IList`1 filters, Int32 filterIndex, ResultExecutingContext preContext, ControllerContext controllerContext, ActionResult actionResult)
   在 System.Web.Mvc.ControllerActionInvoker.InvokeActionResultWithFilters(ControllerContext controllerContext, IList`1 filters, ActionResult actionResult)
   在 System.Web.Mvc.Async.AsyncControllerActionInvoker.<>c__DisplayClass21.<>c__DisplayClass2b.<BeginInvokeAction>b__1c()
   在 System.Web.Mvc.Async.AsyncControllerActionInvoker.<>c__DisplayClass21.<BeginInvokeAction>b__1e(IAsyncResult asyncResult)
ClientConnectionId:d09e8a39-d1a3-4356-bb5e-ebb6c2311feb
Error Number:2714,State:6,Class:16
2018-10-25 16:16:49,894 [256] ERROR Console - System.Data.SqlClient.SqlException (0x80131904): 参数 @objname 不明确或所声明的 @objtype (OBJECT)有误。
   在 System.Data.SqlClient.SqlConnection.OnError(SqlException exception, Boolean breakConnection, Action`1 wrapCloseInAction)
   在 System.Data.SqlClient.SqlInternalConnection.OnError(SqlException exception, Boolean breakConnection, Action`1 wrapCloseInAction)
   在 System.Data.SqlClient.TdsParser.ThrowExceptionAndWarning(TdsParserStateObject stateObj, Boolean callerHasConnectionLock, Boolean asyncClose)
   在 System.Data.SqlClient.TdsParser.TryRun(RunBehavior runBehavior, SqlCommand cmdHandler, SqlDataReader dataStream, BulkCopySimpleResultSet bulkCopyHandler, TdsParserStateObject stateObj, Boolean& dataReady)
   在 System.Data.SqlClient.SqlCommand.RunExecuteNonQueryTds(String methodName, Boolean async, Int32 timeout, Boolean asyncWrite)
   在 System.Data.SqlClient.SqlCommand.InternalExecuteNonQuery(TaskCompletionSource`1 completion, String methodName, Boolean sendToPipe, Int32 timeout, Boolean& usedCache, Boolean asyncWrite, Boolean inRetry)
   在 System.Data.SqlClient.SqlCommand.ExecuteNonQuery()
   在 System.Data.Entity.Infrastructure.Interception.DbCommandDispatcher.<NonQuery>b__0(DbCommand t, DbCommandInterceptionContext`1 c)
   在 System.Data.Entity.Infrastructure.Interception.InternalDispatcher`1.Dispatch[TTarget,TInterceptionContext,TResult](TTarget target, Func`3 operation, TInterceptionContext interceptionContext, Action`3 executing, Action`3 executed)
   在 System.Data.Entity.Infrastructure.Interception.DbCommandDispatcher.NonQuery(DbCommand command, DbCommandInterceptionContext interceptionContext)
   在 System.Data.Entity.Internal.InterceptableDbCommand.ExecuteNonQuery()
   在 System.Data.Entity.Migrations.DbMigrator.ExecuteSql(MigrationStatement migrationStatement, DbConnection connection, DbTransaction transaction, DbInterceptionContext interceptionContext)
   在 System.Data.Entity.Migrations.DbMigrator.ExecuteStatementsInternal(IEnumerable`1 migrationStatements, DbConnection connection, DbTransaction transaction, DbInterceptionContext interceptionContext)
   在 System.Data.Entity.Migrations.DbMigrator.ExecuteStatementsWithinTransaction(IEnumerable`1 migrationStatements, DbTransaction transaction, DbInterceptionContext interceptionContext)
   在 System.Data.Entity.Migrations.DbMigrator.ExecuteStatementsWithinNewTransaction(IEnumerable`1 migrationStatements, DbConnection connection, DbInterceptionContext interceptionContext)
   在 System.Data.Entity.Migrations.DbMigrator.ExecuteStatementsInternal(IEnumerable`1 migrationStatements, DbConnection connection, DbInterceptionContext interceptionContext)
   在 System.Data.Entity.Migrations.DbMigrator.ExecuteStatementsInternal(IEnumerable`1 migrationStatements, DbConnection connection)
   在 System.Data.Entity.Migrations.DbMigrator.<>c__DisplayClass32.<ExecuteStatements>b__30()
   在 System.Data.Entity.SqlServer.DefaultSqlExecutionStrategy.<>c__DisplayClass1.<Execute>b__0()
   在 System.Data.Entity.SqlServer.DefaultSqlExecutionStrategy.Execute[TResult](Func`1 operation)
   在 System.Data.Entity.SqlServer.DefaultSqlExecutionStrategy.Execute(Action operation)
   在 System.Data.Entity.Migrations.DbMigrator.ExecuteStatements(IEnumerable`1 migrationStatements, DbTransaction existingTransaction)
   在 System.Data.Entity.Migrations.DbMigrator.ExecuteStatements(IEnumerable`1 migrationStatements)
   在 System.Data.Entity.Migrations.DbMigrator.ExecuteOperations(String migrationId, VersionedModel targetModel, IEnumerable`1 operations, IEnumerable`1 systemOperations, Boolean downgrading, Boolean auto)
   在 System.Data.Entity.Migrations.DbMigrator.AutoMigrate(String migrationId, VersionedModel sourceModel, VersionedModel targetModel, Boolean downgrading)
   在 System.Data.Entity.Migrations.DbMigrator.Upgrade(IEnumerable`1 pendingMigrations, String targetMigrationId, String lastMigrationId)
   在 System.Data.Entity.Migrations.DbMigrator.UpdateInternal(String targetMigration)
   在 System.Data.Entity.Migrations.DbMigrator.<>c__DisplayClasse.<Update>b__d()
   在 System.Data.Entity.Migrations.DbMigrator.EnsureDatabaseExists(Action mustSucceedToKeepDatabase)
   在 System.Data.Entity.Migrations.DbMigrator.Update(String targetMigration)
   在 System.Data.Entity.MigrateDatabaseToLatestVersion`2.InitializeDatabase(TContext context)
   在 System.Data.Entity.Internal.InternalContext.<>c__DisplayClassf`1.<CreateInitializationAction>b__e()
   在 System.Data.Entity.Internal.InternalContext.PerformInitializationAction(Action action)
   在 System.Data.Entity.Internal.InternalContext.PerformDatabaseInitialization()
   在 System.Data.Entity.Internal.LazyInternalContext.<InitializeDatabase>b__4(InternalContext c)
   在 System.Data.Entity.Internal.RetryAction`1.PerformAction(TInput input)
   在 System.Data.Entity.Internal.LazyInternalContext.InitializeDatabaseAction(Action`1 action)
   在 System.Data.Entity.Internal.LazyInternalContext.InitializeDatabase()
   在 System.Data.Entity.Internal.InternalContext.Initialize()
   在 System.Data.Entity.Internal.InternalContext.GetEntitySetAndBaseTypeForType(Type entityType)
   在 System.Data.Entity.Internal.Linq.InternalSet`1.Initialize()
   在 System.Data.Entity.Internal.Linq.InternalSet`1.GetEnumerator()
   在 System.Data.Entity.Infrastructure.DbQuery`1.System.Collections.Generic.IEnumerable<TResult>.GetEnumerator()
   在 System.Collections.Generic.List`1..ctor(IEnumerable`1 collection)
   在 System.Linq.Enumerable.ToList[TSource](IEnumerable`1 source)
   在 Console.CacheUtil.get_AllFuncs() 位置 G:\SourceCode\GTZX\Console\App_Start\CacheUtil.cs:行号 112
   在 Console.CacheUtil.GetForbiddenFuncs() 位置 G:\SourceCode\GTZX\Console\App_Start\CacheUtil.cs:行号 151
   在 ASP._Page_Views_Shared__TopLayout_cshtml.Execute() 位置 g:\SourceCode\GTZX\Console\Views\Shared\_TopLayout.cshtml:行号 23
   在 System.Web.WebPages.WebPageBase.ExecutePageHierarchy()
   在 System.Web.Mvc.WebViewPage.ExecutePageHierarchy()
   在 System.Web.WebPages.WebPageBase.ExecutePageHierarchy(WebPageContext pageContext, TextWriter writer, WebPageRenderingBase startPage)
   在 System.Web.WebPages.WebPageBase.<>c__DisplayClass3.<RenderPageCore>b__2(TextWriter writer)
   在 System.Web.WebPages.HelperResult.WriteTo(TextWriter writer)
   在 System.Web.WebPages.WebPageBase.Write(HelperResult result)
   在 System.Web.WebPages.WebPageBase.RenderSurrounding(String partialViewName, Action`1 body)
   在 System.Web.WebPages.WebPageBase.PopContext()
   在 System.Web.WebPages.WebPageBase.ExecutePageHierarchy(WebPageContext pageContext, TextWriter writer, WebPageRenderingBase startPage)
   在 System.Web.Mvc.RazorView.RenderView(ViewContext viewContext, TextWriter writer, Object instance)
   在 System.Web.Mvc.BuildManagerCompiledView.Render(ViewContext viewContext, TextWriter writer)
   在 System.Web.Mvc.ViewResultBase.ExecuteResult(ControllerContext context)
   在 System.Web.Mvc.ControllerActionInvoker.InvokeActionResult(ControllerContext controllerContext, ActionResult actionResult)
   在 System.Web.Mvc.ControllerActionInvoker.InvokeActionResultFilterRecursive(IList`1 filters, Int32 filterIndex, ResultExecutingContext preContext, ControllerContext controllerContext, ActionResult actionResult)
   在 System.Web.Mvc.ControllerActionInvoker.InvokeActionResultFilterRecursive(IList`1 filters, Int32 filterIndex, ResultExecutingContext preContext, ControllerContext controllerContext, ActionResult actionResult)
   在 System.Web.Mvc.ControllerActionInvoker.InvokeActionResultFilterRecursive(IList`1 filters, Int32 filterIndex, ResultExecutingContext preContext, ControllerContext controllerContext, ActionResult actionResult)
   在 System.Web.Mvc.ControllerActionInvoker.InvokeActionResultFilterRecursive(IList`1 filters, Int32 filterIndex, ResultExecutingContext preContext, ControllerContext controllerContext, ActionResult actionResult)
   在 System.Web.Mvc.ControllerActionInvoker.InvokeActionResultWithFilters(ControllerContext controllerContext, IList`1 filters, ActionResult actionResult)
   在 System.Web.Mvc.Async.AsyncControllerActionInvoker.<>c__DisplayClass21.<>c__DisplayClass2b.<BeginInvokeAction>b__1c()
   在 System.Web.Mvc.Async.AsyncControllerActionInvoker.<>c__DisplayClass21.<BeginInvokeAction>b__1e(IAsyncResult asyncResult)
ClientConnectionId:b73f3a11-7e99-475e-ad58-1d13520537da
Error Number:15248,State:1,Class:11
2018-10-25 16:39:33,973 [231] ERROR Console - System.Data.SqlClient.SqlException (0x80131904): 参数 @objname 不明确或所声明的 @objtype (OBJECT)有误。
   在 System.Data.SqlClient.SqlConnection.OnError(SqlException exception, Boolean breakConnection, Action`1 wrapCloseInAction)
   在 System.Data.SqlClient.SqlInternalConnection.OnError(SqlException exception, Boolean breakConnection, Action`1 wrapCloseInAction)
   在 System.Data.SqlClient.TdsParser.ThrowExceptionAndWarning(TdsParserStateObject stateObj, Boolean callerHasConnectionLock, Boolean asyncClose)
   在 System.Data.SqlClient.TdsParser.TryRun(RunBehavior runBehavior, SqlCommand cmdHandler, SqlDataReader dataStream, BulkCopySimpleResultSet bulkCopyHandler, TdsParserStateObject stateObj, Boolean& dataReady)
   在 System.Data.SqlClient.SqlCommand.RunExecuteNonQueryTds(String methodName, Boolean async, Int32 timeout, Boolean asyncWrite)
   在 System.Data.SqlClient.SqlCommand.InternalExecuteNonQuery(TaskCompletionSource`1 completion, String methodName, Boolean sendToPipe, Int32 timeout, Boolean& usedCache, Boolean asyncWrite, Boolean inRetry)
   在 System.Data.SqlClient.SqlCommand.ExecuteNonQuery()
   在 System.Data.Entity.Infrastructure.Interception.DbCommandDispatcher.<NonQuery>b__0(DbCommand t, DbCommandInterceptionContext`1 c)
   在 System.Data.Entity.Infrastructure.Interception.InternalDispatcher`1.Dispatch[TTarget,TInterceptionContext,TResult](TTarget target, Func`3 operation, TInterceptionContext interceptionContext, Action`3 executing, Action`3 executed)
   在 System.Data.Entity.Infrastructure.Interception.DbCommandDispatcher.NonQuery(DbCommand command, DbCommandInterceptionContext interceptionContext)
   在 System.Data.Entity.Internal.InterceptableDbCommand.ExecuteNonQuery()
   在 System.Data.Entity.Migrations.DbMigrator.ExecuteSql(MigrationStatement migrationStatement, DbConnection connection, DbTransaction transaction, DbInterceptionContext interceptionContext)
   在 System.Data.Entity.Migrations.DbMigrator.ExecuteStatementsInternal(IEnumerable`1 migrationStatements, DbConnection connection, DbTransaction transaction, DbInterceptionContext interceptionContext)
   在 System.Data.Entity.Migrations.DbMigrator.ExecuteStatementsWithinTransaction(IEnumerable`1 migrationStatements, DbTransaction transaction, DbInterceptionContext interceptionContext)
   在 System.Data.Entity.Migrations.DbMigrator.ExecuteStatementsWithinNewTransaction(IEnumerable`1 migrationStatements, DbConnection connection, DbInterceptionContext interceptionContext)
   在 System.Data.Entity.Migrations.DbMigrator.ExecuteStatementsInternal(IEnumerable`1 migrationStatements, DbConnection connection, DbInterceptionContext interceptionContext)
   在 System.Data.Entity.Migrations.DbMigrator.ExecuteStatementsInternal(IEnumerable`1 migrationStatements, DbConnection connection)
   在 System.Data.Entity.Migrations.DbMigrator.<>c__DisplayClass32.<ExecuteStatements>b__30()
   在 System.Data.Entity.SqlServer.DefaultSqlExecutionStrategy.<>c__DisplayClass1.<Execute>b__0()
   在 System.Data.Entity.SqlServer.DefaultSqlExecutionStrategy.Execute[TResult](Func`1 operation)
   在 System.Data.Entity.SqlServer.DefaultSqlExecutionStrategy.Execute(Action operation)
   在 System.Data.Entity.Migrations.DbMigrator.ExecuteStatements(IEnumerable`1 migrationStatements, DbTransaction existingTransaction)
   在 System.Data.Entity.Migrations.DbMigrator.ExecuteStatements(IEnumerable`1 migrationStatements)
   在 System.Data.Entity.Migrations.DbMigrator.ExecuteOperations(String migrationId, VersionedModel targetModel, IEnumerable`1 operations, IEnumerable`1 systemOperations, Boolean downgrading, Boolean auto)
   在 System.Data.Entity.Migrations.DbMigrator.AutoMigrate(String migrationId, VersionedModel sourceModel, VersionedModel targetModel, Boolean downgrading)
   在 System.Data.Entity.Migrations.DbMigrator.Upgrade(IEnumerable`1 pendingMigrations, String targetMigrationId, String lastMigrationId)
   在 System.Data.Entity.Migrations.DbMigrator.UpdateInternal(String targetMigration)
   在 System.Data.Entity.Migrations.DbMigrator.<>c__DisplayClasse.<Update>b__d()
   在 System.Data.Entity.Migrations.DbMigrator.EnsureDatabaseExists(Action mustSucceedToKeepDatabase)
   在 System.Data.Entity.Migrations.DbMigrator.Update(String targetMigration)
   在 System.Data.Entity.MigrateDatabaseToLatestVersion`2.InitializeDatabase(TContext context)
   在 System.Data.Entity.Internal.InternalContext.<>c__DisplayClassf`1.<CreateInitializationAction>b__e()
   在 System.Data.Entity.Internal.InternalContext.PerformInitializationAction(Action action)
   在 System.Data.Entity.Internal.InternalContext.PerformDatabaseInitialization()
   在 System.Data.Entity.Internal.LazyInternalContext.<InitializeDatabase>b__4(InternalContext c)
   在 System.Data.Entity.Internal.RetryAction`1.PerformAction(TInput input)
   在 System.Data.Entity.Internal.LazyInternalContext.InitializeDatabaseAction(Action`1 action)
   在 System.Data.Entity.Internal.LazyInternalContext.InitializeDatabase()
   在 System.Data.Entity.Internal.InternalContext.Initialize()
   在 System.Data.Entity.Internal.InternalContext.GetEntitySetAndBaseTypeForType(Type entityType)
   在 System.Data.Entity.Internal.Linq.InternalSet`1.Initialize()
   在 System.Data.Entity.Internal.Linq.InternalSet`1.GetEnumerator()
   在 System.Data.Entity.Infrastructure.DbQuery`1.System.Collections.Generic.IEnumerable<TResult>.GetEnumerator()
   在 System.Collections.Generic.List`1..ctor(IEnumerable`1 collection)
   在 System.Linq.Enumerable.ToList[TSource](IEnumerable`1 source)
   在 Console.CacheUtil.get_AllFuncs() 位置 G:\SourceCode\GTZX\Console\App_Start\CacheUtil.cs:行号 112
   在 Console.CacheUtil.GetForbiddenFuncs() 位置 G:\SourceCode\GTZX\Console\App_Start\CacheUtil.cs:行号 151
   在 ASP._Page_Views_Shared__TopLayout_cshtml.Execute() 位置 g:\SourceCode\GTZX\Console\Views\Shared\_TopLayout.cshtml:行号 23
   在 System.Web.WebPages.WebPageBase.ExecutePageHierarchy()
   在 System.Web.Mvc.WebViewPage.ExecutePageHierarchy()
   在 System.Web.WebPages.WebPageBase.ExecutePageHierarchy(WebPageContext pageContext, TextWriter writer, WebPageRenderingBase startPage)
   在 System.Web.WebPages.WebPageBase.<>c__DisplayClass3.<RenderPageCore>b__2(TextWriter writer)
   在 System.Web.WebPages.HelperResult.WriteTo(TextWriter writer)
   在 System.Web.WebPages.WebPageBase.Write(HelperResult result)
   在 System.Web.WebPages.WebPageBase.RenderSurrounding(String partialViewName, Action`1 body)
   在 System.Web.WebPages.WebPageBase.PopContext()
   在 System.Web.WebPages.WebPageBase.ExecutePageHierarchy(WebPageContext pageContext, TextWriter writer, WebPageRenderingBase startPage)
   在 System.Web.Mvc.RazorView.RenderView(ViewContext viewContext, TextWriter writer, Object instance)
   在 System.Web.Mvc.BuildManagerCompiledView.Render(ViewContext viewContext, TextWriter writer)
   在 System.Web.Mvc.ViewResultBase.ExecuteResult(ControllerContext context)
   在 System.Web.Mvc.ControllerActionInvoker.InvokeActionResult(ControllerContext controllerContext, ActionResult actionResult)
   在 System.Web.Mvc.ControllerActionInvoker.InvokeActionResultFilterRecursive(IList`1 filters, Int32 filterIndex, ResultExecutingContext preContext, ControllerContext controllerContext, ActionResult actionResult)
   在 System.Web.Mvc.ControllerActionInvoker.InvokeActionResultFilterRecursive(IList`1 filters, Int32 filterIndex, ResultExecutingContext preContext, ControllerContext controllerContext, ActionResult actionResult)
   在 System.Web.Mvc.ControllerActionInvoker.InvokeActionResultFilterRecursive(IList`1 filters, Int32 filterIndex, ResultExecutingContext preContext, ControllerContext controllerContext, ActionResult actionResult)
   在 System.Web.Mvc.ControllerActionInvoker.InvokeActionResultFilterRecursive(IList`1 filters, Int32 filterIndex, ResultExecutingContext preContext, ControllerContext controllerContext, ActionResult actionResult)
   在 System.Web.Mvc.ControllerActionInvoker.InvokeActionResultWithFilters(ControllerContext controllerContext, IList`1 filters, ActionResult actionResult)
   在 System.Web.Mvc.Async.AsyncControllerActionInvoker.<>c__DisplayClass21.<>c__DisplayClass2b.<BeginInvokeAction>b__1c()
   在 System.Web.Mvc.Async.AsyncControllerActionInvoker.<>c__DisplayClass21.<BeginInvokeAction>b__1e(IAsyncResult asyncResult)
ClientConnectionId:105964d0-a214-40c9-9a32-4759d4253363
Error Number:15248,State:1,Class:11
2018-10-25 16:57:00,202 [6] ERROR Console - System.Data.Entity.Migrations.Infrastructure.AutomaticDataLossException: Automatic migration was not applied because it would result in data loss. Set AutomaticMigrationDataLossAllowed to 'true' on your DbMigrationsConfiguration to allow application of automatic migrations even if they might cause data loss. Alternately, use Update-Database with the '-Force' option, or scaffold an explicit migration.
   在 System.Data.Entity.Migrations.DbMigrator.AutoMigrate(String migrationId, VersionedModel sourceModel, VersionedModel targetModel, Boolean downgrading)
   在 System.Data.Entity.Migrations.DbMigrator.Upgrade(IEnumerable`1 pendingMigrations, String targetMigrationId, String lastMigrationId)
   在 System.Data.Entity.Migrations.DbMigrator.UpdateInternal(String targetMigration)
   在 System.Data.Entity.Migrations.DbMigrator.<>c__DisplayClasse.<Update>b__d()
   在 System.Data.Entity.Migrations.DbMigrator.EnsureDatabaseExists(Action mustSucceedToKeepDatabase)
   在 System.Data.Entity.Migrations.DbMigrator.Update(String targetMigration)
   在 System.Data.Entity.MigrateDatabaseToLatestVersion`2.InitializeDatabase(TContext context)
   在 System.Data.Entity.Internal.InternalContext.<>c__DisplayClassf`1.<CreateInitializationAction>b__e()
   在 System.Data.Entity.Internal.InternalContext.PerformInitializationAction(Action action)
   在 System.Data.Entity.Internal.InternalContext.PerformDatabaseInitialization()
   在 System.Data.Entity.Internal.LazyInternalContext.<InitializeDatabase>b__4(InternalContext c)
   在 System.Data.Entity.Internal.RetryAction`1.PerformAction(TInput input)
   在 System.Data.Entity.Internal.LazyInternalContext.InitializeDatabaseAction(Action`1 action)
   在 System.Data.Entity.Internal.LazyInternalContext.InitializeDatabase()
   在 System.Data.Entity.Internal.InternalContext.Initialize()
   在 System.Data.Entity.Internal.InternalContext.GetEntitySetAndBaseTypeForType(Type entityType)
   在 System.Data.Entity.Internal.Linq.InternalSet`1.Initialize()
   在 System.Data.Entity.Internal.Linq.InternalSet`1.GetEnumerator()
   在 System.Data.Entity.Infrastructure.DbQuery`1.System.Collections.Generic.IEnumerable<TResult>.GetEnumerator()
   在 System.Collections.Generic.List`1..ctor(IEnumerable`1 collection)
   在 System.Linq.Enumerable.ToList[TSource](IEnumerable`1 source)
   在 Console.CacheUtil.get_AllFuncs() 位置 G:\SourceCode\GTZX\Console\App_Start\CacheUtil.cs:行号 112
   在 Console.CacheUtil.GetForbiddenFuncs() 位置 G:\SourceCode\GTZX\Console\App_Start\CacheUtil.cs:行号 151
   在 ASP._Page_Views_Shared__TopLayout_cshtml.Execute() 位置 g:\SourceCode\GTZX\Console\Views\Shared\_TopLayout.cshtml:行号 23
   在 System.Web.WebPages.WebPageBase.ExecutePageHierarchy()
   在 System.Web.Mvc.WebViewPage.ExecutePageHierarchy()
   在 System.Web.WebPages.WebPageBase.ExecutePageHierarchy(WebPageContext pageContext, TextWriter writer, WebPageRenderingBase startPage)
   在 System.Web.WebPages.WebPageBase.<>c__DisplayClass3.<RenderPageCore>b__2(TextWriter writer)
   在 System.Web.WebPages.HelperResult.WriteTo(TextWriter writer)
   在 System.Web.WebPages.WebPageBase.Write(HelperResult result)
   在 System.Web.WebPages.WebPageBase.RenderSurrounding(String partialViewName, Action`1 body)
   在 System.Web.WebPages.WebPageBase.PopContext()
   在 System.Web.WebPages.WebPageBase.ExecutePageHierarchy(WebPageContext pageContext, TextWriter writer, WebPageRenderingBase startPage)
   在 System.Web.Mvc.RazorView.RenderView(ViewContext viewContext, TextWriter writer, Object instance)
   在 System.Web.Mvc.BuildManagerCompiledView.Render(ViewContext viewContext, TextWriter writer)
   在 System.Web.Mvc.ViewResultBase.ExecuteResult(ControllerContext context)
   在 System.Web.Mvc.ControllerActionInvoker.InvokeActionResult(ControllerContext controllerContext, ActionResult actionResult)
   在 System.Web.Mvc.ControllerActionInvoker.InvokeActionResultFilterRecursive(IList`1 filters, Int32 filterIndex, ResultExecutingContext preContext, ControllerContext controllerContext, ActionResult actionResult)
   在 System.Web.Mvc.ControllerActionInvoker.InvokeActionResultFilterRecursive(IList`1 filters, Int32 filterIndex, ResultExecutingContext preContext, ControllerContext controllerContext, ActionResult actionResult)
   在 System.Web.Mvc.ControllerActionInvoker.InvokeActionResultFilterRecursive(IList`1 filters, Int32 filterIndex, ResultExecutingContext preContext, ControllerContext controllerContext, ActionResult actionResult)
   在 System.Web.Mvc.ControllerActionInvoker.InvokeActionResultFilterRecursive(IList`1 filters, Int32 filterIndex, ResultExecutingContext preContext, ControllerContext controllerContext, ActionResult actionResult)
   在 System.Web.Mvc.ControllerActionInvoker.InvokeActionResultWithFilters(ControllerContext controllerContext, IList`1 filters, ActionResult actionResult)
   在 System.Web.Mvc.Async.AsyncControllerActionInvoker.<>c__DisplayClass21.<>c__DisplayClass2b.<BeginInvokeAction>b__1c()
   在 System.Web.Mvc.Async.AsyncControllerActionInvoker.<>c__DisplayClass21.<BeginInvokeAction>b__1e(IAsyncResult asyncResult)
2018-10-25 17:02:21,534 [5] ERROR Console - System.Data.Entity.Migrations.Infrastructure.AutomaticDataLossException: Automatic migration was not applied because it would result in data loss. Set AutomaticMigrationDataLossAllowed to 'true' on your DbMigrationsConfiguration to allow application of automatic migrations even if they might cause data loss. Alternately, use Update-Database with the '-Force' option, or scaffold an explicit migration.
   在 System.Data.Entity.Migrations.DbMigrator.AutoMigrate(String migrationId, VersionedModel sourceModel, VersionedModel targetModel, Boolean downgrading)
   在 System.Data.Entity.Migrations.DbMigrator.Upgrade(IEnumerable`1 pendingMigrations, String targetMigrationId, String lastMigrationId)
   在 System.Data.Entity.Migrations.DbMigrator.UpdateInternal(String targetMigration)
   在 System.Data.Entity.Migrations.DbMigrator.<>c__DisplayClasse.<Update>b__d()
   在 System.Data.Entity.Migrations.DbMigrator.EnsureDatabaseExists(Action mustSucceedToKeepDatabase)
   在 System.Data.Entity.Migrations.DbMigrator.Update(String targetMigration)
   在 System.Data.Entity.MigrateDatabaseToLatestVersion`2.InitializeDatabase(TContext context)
   在 System.Data.Entity.Internal.InternalContext.<>c__DisplayClassf`1.<CreateInitializationAction>b__e()
   在 System.Data.Entity.Internal.InternalContext.PerformInitializationAction(Action action)
   在 System.Data.Entity.Internal.InternalContext.PerformDatabaseInitialization()
   在 System.Data.Entity.Internal.LazyInternalContext.<InitializeDatabase>b__4(InternalContext c)
   在 System.Data.Entity.Internal.RetryAction`1.PerformAction(TInput input)
   在 System.Data.Entity.Internal.LazyInternalContext.InitializeDatabaseAction(Action`1 action)
   在 System.Data.Entity.Internal.LazyInternalContext.InitializeDatabase()
   在 System.Data.Entity.Internal.InternalContext.Initialize()
   在 System.Data.Entity.Internal.InternalContext.GetEntitySetAndBaseTypeForType(Type entityType)
   在 System.Data.Entity.Internal.Linq.InternalSet`1.Initialize()
   在 System.Data.Entity.Internal.Linq.InternalSet`1.GetEnumerator()
   在 System.Data.Entity.Infrastructure.DbQuery`1.System.Collections.Generic.IEnumerable<TResult>.GetEnumerator()
   在 System.Collections.Generic.List`1..ctor(IEnumerable`1 collection)
   在 System.Linq.Enumerable.ToList[TSource](IEnumerable`1 source)
   在 Console.CacheUtil.get_AllFuncs() 位置 G:\SourceCode\GTZX\Console\App_Start\CacheUtil.cs:行号 112
   在 Console.CacheUtil.GetForbiddenFuncs() 位置 G:\SourceCode\GTZX\Console\App_Start\CacheUtil.cs:行号 151
   在 ASP._Page_Views_Shared__TopLayout_cshtml.Execute() 位置 g:\SourceCode\GTZX\Console\Views\Shared\_TopLayout.cshtml:行号 23
   在 System.Web.WebPages.WebPageBase.ExecutePageHierarchy()
   在 System.Web.Mvc.WebViewPage.ExecutePageHierarchy()
   在 System.Web.WebPages.WebPageBase.ExecutePageHierarchy(WebPageContext pageContext, TextWriter writer, WebPageRenderingBase startPage)
   在 System.Web.WebPages.WebPageBase.<>c__DisplayClass3.<RenderPageCore>b__2(TextWriter writer)
   在 System.Web.WebPages.HelperResult.WriteTo(TextWriter writer)
   在 System.Web.WebPages.WebPageBase.Write(HelperResult result)
   在 System.Web.WebPages.WebPageBase.RenderSurrounding(String partialViewName, Action`1 body)
   在 System.Web.WebPages.WebPageBase.PopContext()
   在 System.Web.WebPages.WebPageBase.ExecutePageHierarchy(WebPageContext pageContext, TextWriter writer, WebPageRenderingBase startPage)
   在 System.Web.Mvc.RazorView.RenderView(ViewContext viewContext, TextWriter writer, Object instance)
   在 System.Web.Mvc.BuildManagerCompiledView.Render(ViewContext viewContext, TextWriter writer)
   在 System.Web.Mvc.ViewResultBase.ExecuteResult(ControllerContext context)
   在 System.Web.Mvc.ControllerActionInvoker.InvokeActionResult(ControllerContext controllerContext, ActionResult actionResult)
   在 System.Web.Mvc.ControllerActionInvoker.InvokeActionResultFilterRecursive(IList`1 filters, Int32 filterIndex, ResultExecutingContext preContext, ControllerContext controllerContext, ActionResult actionResult)
   在 System.Web.Mvc.ControllerActionInvoker.InvokeActionResultFilterRecursive(IList`1 filters, Int32 filterIndex, ResultExecutingContext preContext, ControllerContext controllerContext, ActionResult actionResult)
   在 System.Web.Mvc.ControllerActionInvoker.InvokeActionResultFilterRecursive(IList`1 filters, Int32 filterIndex, ResultExecutingContext preContext, ControllerContext controllerContext, ActionResult actionResult)
   在 System.Web.Mvc.ControllerActionInvoker.InvokeActionResultFilterRecursive(IList`1 filters, Int32 filterIndex, ResultExecutingContext preContext, ControllerContext controllerContext, ActionResult actionResult)
   在 System.Web.Mvc.ControllerActionInvoker.InvokeActionResultWithFilters(ControllerContext controllerContext, IList`1 filters, ActionResult actionResult)
   在 System.Web.Mvc.Async.AsyncControllerActionInvoker.<>c__DisplayClass21.<>c__DisplayClass2b.<BeginInvokeAction>b__1c()
   在 System.Web.Mvc.Async.AsyncControllerActionInvoker.<>c__DisplayClass21.<BeginInvokeAction>b__1e(IAsyncResult asyncResult)
2018-10-25 17:13:20,309 [19] ERROR Console - System.Data.Entity.Migrations.Infrastructure.AutomaticDataLossException: Automatic migration was not applied because it would result in data loss. Set AutomaticMigrationDataLossAllowed to 'true' on your DbMigrationsConfiguration to allow application of automatic migrations even if they might cause data loss. Alternately, use Update-Database with the '-Force' option, or scaffold an explicit migration.
   在 System.Data.Entity.Migrations.DbMigrator.AutoMigrate(String migrationId, VersionedModel sourceModel, VersionedModel targetModel, Boolean downgrading)
   在 System.Data.Entity.Migrations.DbMigrator.Upgrade(IEnumerable`1 pendingMigrations, String targetMigrationId, String lastMigrationId)
   在 System.Data.Entity.Migrations.DbMigrator.UpdateInternal(String targetMigration)
   在 System.Data.Entity.Migrations.DbMigrator.<>c__DisplayClasse.<Update>b__d()
   在 System.Data.Entity.Migrations.DbMigrator.EnsureDatabaseExists(Action mustSucceedToKeepDatabase)
   在 System.Data.Entity.Migrations.DbMigrator.Update(String targetMigration)
   在 System.Data.Entity.MigrateDatabaseToLatestVersion`2.InitializeDatabase(TContext context)
   在 System.Data.Entity.Internal.InternalContext.<>c__DisplayClassf`1.<CreateInitializationAction>b__e()
   在 System.Data.Entity.Internal.InternalContext.PerformInitializationAction(Action action)
   在 System.Data.Entity.Internal.InternalContext.PerformDatabaseInitialization()
   在 System.Data.Entity.Internal.LazyInternalContext.<InitializeDatabase>b__4(InternalContext c)
   在 System.Data.Entity.Internal.RetryAction`1.PerformAction(TInput input)
   在 System.Data.Entity.Internal.LazyInternalContext.InitializeDatabaseAction(Action`1 action)
   在 System.Data.Entity.Internal.LazyInternalContext.InitializeDatabase()
   在 System.Data.Entity.Internal.InternalContext.Initialize()
   在 System.Data.Entity.Internal.InternalContext.GetEntitySetAndBaseTypeForType(Type entityType)
   在 System.Data.Entity.Internal.Linq.InternalSet`1.Initialize()
   在 System.Data.Entity.Internal.Linq.InternalSet`1.GetEnumerator()
   在 System.Data.Entity.Infrastructure.DbQuery`1.System.Collections.Generic.IEnumerable<TResult>.GetEnumerator()
   在 System.Collections.Generic.List`1..ctor(IEnumerable`1 collection)
   在 System.Linq.Enumerable.ToList[TSource](IEnumerable`1 source)
   在 Console.CacheUtil.get_AllFuncs() 位置 G:\SourceCode\GTZX\Console\App_Start\CacheUtil.cs:行号 112
   在 Console.CacheUtil.GetForbiddenFuncs() 位置 G:\SourceCode\GTZX\Console\App_Start\CacheUtil.cs:行号 151
   在 ASP._Page_Views_Shared__TopLayout_cshtml.Execute() 位置 g:\SourceCode\GTZX\Console\Views\Shared\_TopLayout.cshtml:行号 23
   在 System.Web.WebPages.WebPageBase.ExecutePageHierarchy()
   在 System.Web.Mvc.WebViewPage.ExecutePageHierarchy()
   在 System.Web.WebPages.WebPageBase.ExecutePageHierarchy(WebPageContext pageContext, TextWriter writer, WebPageRenderingBase startPage)
   在 System.Web.WebPages.WebPageBase.<>c__DisplayClass3.<RenderPageCore>b__2(TextWriter writer)
   在 System.Web.WebPages.HelperResult.WriteTo(TextWriter writer)
   在 System.Web.WebPages.WebPageBase.Write(HelperResult result)
   在 System.Web.WebPages.WebPageBase.RenderSurrounding(String partialViewName, Action`1 body)
   在 System.Web.WebPages.WebPageBase.PopContext()
   在 System.Web.WebPages.WebPageBase.ExecutePageHierarchy(WebPageContext pageContext, TextWriter writer, WebPageRenderingBase startPage)
   在 System.Web.Mvc.RazorView.RenderView(ViewContext viewContext, TextWriter writer, Object instance)
   在 System.Web.Mvc.BuildManagerCompiledView.Render(ViewContext viewContext, TextWriter writer)
   在 System.Web.Mvc.ViewResultBase.ExecuteResult(ControllerContext context)
   在 System.Web.Mvc.ControllerActionInvoker.InvokeActionResult(ControllerContext controllerContext, ActionResult actionResult)
   在 System.Web.Mvc.ControllerActionInvoker.InvokeActionResultFilterRecursive(IList`1 filters, Int32 filterIndex, ResultExecutingContext preContext, ControllerContext controllerContext, ActionResult actionResult)
   在 System.Web.Mvc.ControllerActionInvoker.InvokeActionResultFilterRecursive(IList`1 filters, Int32 filterIndex, ResultExecutingContext preContext, ControllerContext controllerContext, ActionResult actionResult)
   在 System.Web.Mvc.ControllerActionInvoker.InvokeActionResultFilterRecursive(IList`1 filters, Int32 filterIndex, ResultExecutingContext preContext, ControllerContext controllerContext, ActionResult actionResult)
   在 System.Web.Mvc.ControllerActionInvoker.InvokeActionResultFilterRecursive(IList`1 filters, Int32 filterIndex, ResultExecutingContext preContext, ControllerContext controllerContext, ActionResult actionResult)
   在 System.Web.Mvc.ControllerActionInvoker.InvokeActionResultWithFilters(ControllerContext controllerContext, IList`1 filters, ActionResult actionResult)
   在 System.Web.Mvc.Async.AsyncControllerActionInvoker.<>c__DisplayClass21.<>c__DisplayClass2b.<BeginInvokeAction>b__1c()
   在 System.Web.Mvc.Async.AsyncControllerActionInvoker.<>c__DisplayClass21.<BeginInvokeAction>b__1e(IAsyncResult asyncResult)
2018-10-25 17:34:16,093 [26] ERROR Console - System.Data.Entity.Migrations.Infrastructure.AutomaticDataLossException: Automatic migration was not applied because it would result in data loss. Set AutomaticMigrationDataLossAllowed to 'true' on your DbMigrationsConfiguration to allow application of automatic migrations even if they might cause data loss. Alternately, use Update-Database with the '-Force' option, or scaffold an explicit migration.
   在 System.Data.Entity.Migrations.DbMigrator.AutoMigrate(String migrationId, VersionedModel sourceModel, VersionedModel targetModel, Boolean downgrading)
   在 System.Data.Entity.Migrations.DbMigrator.Upgrade(IEnumerable`1 pendingMigrations, String targetMigrationId, String lastMigrationId)
   在 System.Data.Entity.Migrations.DbMigrator.UpdateInternal(String targetMigration)
   在 System.Data.Entity.Migrations.DbMigrator.<>c__DisplayClasse.<Update>b__d()
   在 System.Data.Entity.Migrations.DbMigrator.EnsureDatabaseExists(Action mustSucceedToKeepDatabase)
   在 System.Data.Entity.Migrations.DbMigrator.Update(String targetMigration)
   在 System.Data.Entity.MigrateDatabaseToLatestVersion`2.InitializeDatabase(TContext context)
   在 System.Data.Entity.Internal.InternalContext.<>c__DisplayClassf`1.<CreateInitializationAction>b__e()
   在 System.Data.Entity.Internal.InternalContext.PerformInitializationAction(Action action)
   在 System.Data.Entity.Internal.InternalContext.PerformDatabaseInitialization()
   在 System.Data.Entity.Internal.LazyInternalContext.<InitializeDatabase>b__4(InternalContext c)
   在 System.Data.Entity.Internal.RetryAction`1.PerformAction(TInput input)
   在 System.Data.Entity.Internal.LazyInternalContext.InitializeDatabaseAction(Action`1 action)
   在 System.Data.Entity.Internal.LazyInternalContext.InitializeDatabase()
   在 System.Data.Entity.Internal.InternalContext.Initialize()
   在 System.Data.Entity.Internal.InternalContext.GetEntitySetAndBaseTypeForType(Type entityType)
   在 System.Data.Entity.Internal.Linq.InternalSet`1.Initialize()
   在 System.Data.Entity.Internal.Linq.InternalSet`1.GetEnumerator()
   在 System.Data.Entity.Infrastructure.DbQuery`1.System.Collections.Generic.IEnumerable<TResult>.GetEnumerator()
   在 System.Collections.Generic.List`1..ctor(IEnumerable`1 collection)
   在 System.Linq.Enumerable.ToList[TSource](IEnumerable`1 source)
   在 Console.CacheUtil.get_AllFuncs() 位置 G:\SourceCode\GTZX\Console\App_Start\CacheUtil.cs:行号 112
   在 Console.CacheUtil.GetForbiddenFuncs() 位置 G:\SourceCode\GTZX\Console\App_Start\CacheUtil.cs:行号 151
   在 ASP._Page_Views_Shared__TopLayout_cshtml.Execute() 位置 g:\SourceCode\GTZX\Console\Views\Shared\_TopLayout.cshtml:行号 23
   在 System.Web.WebPages.WebPageBase.ExecutePageHierarchy()
   在 System.Web.Mvc.WebViewPage.ExecutePageHierarchy()
   在 System.Web.WebPages.WebPageBase.ExecutePageHierarchy(WebPageContext pageContext, TextWriter writer, WebPageRenderingBase startPage)
   在 System.Web.WebPages.WebPageBase.<>c__DisplayClass3.<RenderPageCore>b__2(TextWriter writer)
   在 System.Web.WebPages.HelperResult.WriteTo(TextWriter writer)
   在 System.Web.WebPages.WebPageBase.Write(HelperResult result)
   在 System.Web.WebPages.WebPageBase.RenderSurrounding(String partialViewName, Action`1 body)
   在 System.Web.WebPages.WebPageBase.PopContext()
   在 System.Web.WebPages.WebPageBase.ExecutePageHierarchy(WebPageContext pageContext, TextWriter writer, WebPageRenderingBase startPage)
   在 System.Web.Mvc.RazorView.RenderView(ViewContext viewContext, TextWriter writer, Object instance)
   在 System.Web.Mvc.BuildManagerCompiledView.Render(ViewContext viewContext, TextWriter writer)
   在 System.Web.Mvc.ViewResultBase.ExecuteResult(ControllerContext context)
   在 System.Web.Mvc.ControllerActionInvoker.InvokeActionResult(ControllerContext controllerContext, ActionResult actionResult)
   在 System.Web.Mvc.ControllerActionInvoker.InvokeActionResultFilterRecursive(IList`1 filters, Int32 filterIndex, ResultExecutingContext preContext, ControllerContext controllerContext, ActionResult actionResult)
   在 System.Web.Mvc.ControllerActionInvoker.InvokeActionResultFilterRecursive(IList`1 filters, Int32 filterIndex, ResultExecutingContext preContext, ControllerContext controllerContext, ActionResult actionResult)
   在 System.Web.Mvc.ControllerActionInvoker.InvokeActionResultFilterRecursive(IList`1 filters, Int32 filterIndex, ResultExecutingContext preContext, ControllerContext controllerContext, ActionResult actionResult)
   在 System.Web.Mvc.ControllerActionInvoker.InvokeActionResultFilterRecursive(IList`1 filters, Int32 filterIndex, ResultExecutingContext preContext, ControllerContext controllerContext, ActionResult actionResult)
   在 System.Web.Mvc.ControllerActionInvoker.InvokeActionResultWithFilters(ControllerContext controllerContext, IList`1 filters, ActionResult actionResult)
   在 System.Web.Mvc.Async.AsyncControllerActionInvoker.<>c__DisplayClass21.<>c__DisplayClass2b.<BeginInvokeAction>b__1c()
   在 System.Web.Mvc.Async.AsyncControllerActionInvoker.<>c__DisplayClass21.<BeginInvokeAction>b__1e(IAsyncResult asyncResult)
2018-10-25 17:39:17,066 [26] ERROR Console - System.Data.Entity.Migrations.Infrastructure.AutomaticDataLossException: Automatic migration was not applied because it would result in data loss. Set AutomaticMigrationDataLossAllowed to 'true' on your DbMigrationsConfiguration to allow application of automatic migrations even if they might cause data loss. Alternately, use Update-Database with the '-Force' option, or scaffold an explicit migration.
   在 System.Data.Entity.Migrations.DbMigrator.AutoMigrate(String migrationId, VersionedModel sourceModel, VersionedModel targetModel, Boolean downgrading)
   在 System.Data.Entity.Migrations.DbMigrator.Upgrade(IEnumerable`1 pendingMigrations, String targetMigrationId, String lastMigrationId)
   在 System.Data.Entity.Migrations.DbMigrator.UpdateInternal(String targetMigration)
   在 System.Data.Entity.Migrations.DbMigrator.<>c__DisplayClasse.<Update>b__d()
   在 System.Data.Entity.Migrations.DbMigrator.EnsureDatabaseExists(Action mustSucceedToKeepDatabase)
   在 System.Data.Entity.Migrations.DbMigrator.Update(String targetMigration)
   在 System.Data.Entity.MigrateDatabaseToLatestVersion`2.InitializeDatabase(TContext context)
   在 System.Data.Entity.Internal.InternalContext.<>c__DisplayClassf`1.<CreateInitializationAction>b__e()
   在 System.Data.Entity.Internal.InternalContext.PerformInitializationAction(Action action)
   在 System.Data.Entity.Internal.InternalContext.PerformDatabaseInitialization()
   在 System.Data.Entity.Internal.LazyInternalContext.<InitializeDatabase>b__4(InternalContext c)
   在 System.Data.Entity.Internal.RetryAction`1.PerformAction(TInput input)
   在 System.Data.Entity.Internal.LazyInternalContext.InitializeDatabaseAction(Action`1 action)
   在 System.Data.Entity.Internal.LazyInternalContext.InitializeDatabase()
   在 System.Data.Entity.Internal.InternalContext.Initialize()
   在 System.Data.Entity.Internal.InternalContext.GetEntitySetAndBaseTypeForType(Type entityType)
   在 System.Data.Entity.Internal.Linq.InternalSet`1.Initialize()
   在 System.Data.Entity.Internal.Linq.InternalSet`1.GetEnumerator()
   在 System.Data.Entity.Infrastructure.DbQuery`1.System.Collections.Generic.IEnumerable<TResult>.GetEnumerator()
   在 System.Collections.Generic.List`1..ctor(IEnumerable`1 collection)
   在 System.Linq.Enumerable.ToList[TSource](IEnumerable`1 source)
   在 Console.CacheUtil.get_AllFuncs() 位置 G:\SourceCode\GTZX\Console\App_Start\CacheUtil.cs:行号 112
   在 Console.CacheUtil.GetForbiddenFuncs() 位置 G:\SourceCode\GTZX\Console\App_Start\CacheUtil.cs:行号 151
   在 ASP._Page_Views_Shared__TopLayout_cshtml.Execute() 位置 g:\SourceCode\GTZX\Console\Views\Shared\_TopLayout.cshtml:行号 23
   在 System.Web.WebPages.WebPageBase.ExecutePageHierarchy()
   在 System.Web.Mvc.WebViewPage.ExecutePageHierarchy()
   在 System.Web.WebPages.WebPageBase.ExecutePageHierarchy(WebPageContext pageContext, TextWriter writer, WebPageRenderingBase startPage)
   在 System.Web.WebPages.WebPageBase.<>c__DisplayClass3.<RenderPageCore>b__2(TextWriter writer)
   在 System.Web.WebPages.HelperResult.WriteTo(TextWriter writer)
   在 System.Web.WebPages.WebPageBase.Write(HelperResult result)
   在 System.Web.WebPages.WebPageBase.RenderSurrounding(String partialViewName, Action`1 body)
   在 System.Web.WebPages.WebPageBase.PopContext()
   在 System.Web.WebPages.WebPageBase.ExecutePageHierarchy(WebPageContext pageContext, TextWriter writer, WebPageRenderingBase startPage)
   在 System.Web.Mvc.RazorView.RenderView(ViewContext viewContext, TextWriter writer, Object instance)
   在 System.Web.Mvc.BuildManagerCompiledView.Render(ViewContext viewContext, TextWriter writer)
   在 System.Web.Mvc.ViewResultBase.ExecuteResult(ControllerContext context)
   在 System.Web.Mvc.ControllerActionInvoker.InvokeActionResult(ControllerContext controllerContext, ActionResult actionResult)
   在 System.Web.Mvc.ControllerActionInvoker.InvokeActionResultFilterRecursive(IList`1 filters, Int32 filterIndex, ResultExecutingContext preContext, ControllerContext controllerContext, ActionResult actionResult)
   在 System.Web.Mvc.ControllerActionInvoker.InvokeActionResultFilterRecursive(IList`1 filters, Int32 filterIndex, ResultExecutingContext preContext, ControllerContext controllerContext, ActionResult actionResult)
   在 System.Web.Mvc.ControllerActionInvoker.InvokeActionResultFilterRecursive(IList`1 filters, Int32 filterIndex, ResultExecutingContext preContext, ControllerContext controllerContext, ActionResult actionResult)
   在 System.Web.Mvc.ControllerActionInvoker.InvokeActionResultFilterRecursive(IList`1 filters, Int32 filterIndex, ResultExecutingContext preContext, ControllerContext controllerContext, ActionResult actionResult)
   在 System.Web.Mvc.ControllerActionInvoker.InvokeActionResultWithFilters(ControllerContext controllerContext, IList`1 filters, ActionResult actionResult)
   在 System.Web.Mvc.Async.AsyncControllerActionInvoker.<>c__DisplayClass21.<>c__DisplayClass2b.<BeginInvokeAction>b__1c()
   在 System.Web.Mvc.Async.AsyncControllerActionInvoker.<>c__DisplayClass21.<BeginInvokeAction>b__1e(IAsyncResult asyncResult)
2018-10-25 17:41:42,560 [26] ERROR Console - System.Data.SqlClient.SqlException (0x80131904): 无法对 表 'dbo.Biz_RegulationDoc' 执行 删除，因为它不存在，或者您没有所需的权限。
   在 System.Data.SqlClient.SqlConnection.OnError(SqlException exception, Boolean breakConnection, Action`1 wrapCloseInAction)
   在 System.Data.SqlClient.SqlInternalConnection.OnError(SqlException exception, Boolean breakConnection, Action`1 wrapCloseInAction)
   在 System.Data.SqlClient.TdsParser.ThrowExceptionAndWarning(TdsParserStateObject stateObj, Boolean callerHasConnectionLock, Boolean asyncClose)
   在 System.Data.SqlClient.TdsParser.TryRun(RunBehavior runBehavior, SqlCommand cmdHandler, SqlDataReader dataStream, BulkCopySimpleResultSet bulkCopyHandler, TdsParserStateObject stateObj, Boolean& dataReady)
   在 System.Data.SqlClient.SqlCommand.RunExecuteNonQueryTds(String methodName, Boolean async, Int32 timeout, Boolean asyncWrite)
   在 System.Data.SqlClient.SqlCommand.InternalExecuteNonQuery(TaskCompletionSource`1 completion, String methodName, Boolean sendToPipe, Int32 timeout, Boolean& usedCache, Boolean asyncWrite, Boolean inRetry)
   在 System.Data.SqlClient.SqlCommand.ExecuteNonQuery()
   在 System.Data.Entity.Infrastructure.Interception.DbCommandDispatcher.<NonQuery>b__0(DbCommand t, DbCommandInterceptionContext`1 c)
   在 System.Data.Entity.Infrastructure.Interception.InternalDispatcher`1.Dispatch[TTarget,TInterceptionContext,TResult](TTarget target, Func`3 operation, TInterceptionContext interceptionContext, Action`3 executing, Action`3 executed)
   在 System.Data.Entity.Infrastructure.Interception.DbCommandDispatcher.NonQuery(DbCommand command, DbCommandInterceptionContext interceptionContext)
   在 System.Data.Entity.Internal.InterceptableDbCommand.ExecuteNonQuery()
   在 System.Data.Entity.Migrations.DbMigrator.ExecuteSql(MigrationStatement migrationStatement, DbConnection connection, DbTransaction transaction, DbInterceptionContext interceptionContext)
   在 System.Data.Entity.Migrations.DbMigrator.ExecuteStatementsInternal(IEnumerable`1 migrationStatements, DbConnection connection, DbTransaction transaction, DbInterceptionContext interceptionContext)
   在 System.Data.Entity.Migrations.DbMigrator.ExecuteStatementsWithinTransaction(IEnumerable`1 migrationStatements, DbTransaction transaction, DbInterceptionContext interceptionContext)
   在 System.Data.Entity.Migrations.DbMigrator.ExecuteStatementsWithinNewTransaction(IEnumerable`1 migrationStatements, DbConnection connection, DbInterceptionContext interceptionContext)
   在 System.Data.Entity.Migrations.DbMigrator.ExecuteStatementsInternal(IEnumerable`1 migrationStatements, DbConnection connection, DbInterceptionContext interceptionContext)
   在 System.Data.Entity.Migrations.DbMigrator.ExecuteStatementsInternal(IEnumerable`1 migrationStatements, DbConnection connection)
   在 System.Data.Entity.Migrations.DbMigrator.<>c__DisplayClass32.<ExecuteStatements>b__30()
   在 System.Data.Entity.SqlServer.DefaultSqlExecutionStrategy.<>c__DisplayClass1.<Execute>b__0()
   在 System.Data.Entity.SqlServer.DefaultSqlExecutionStrategy.Execute[TResult](Func`1 operation)
   在 System.Data.Entity.SqlServer.DefaultSqlExecutionStrategy.Execute(Action operation)
   在 System.Data.Entity.Migrations.DbMigrator.ExecuteStatements(IEnumerable`1 migrationStatements, DbTransaction existingTransaction)
   在 System.Data.Entity.Migrations.DbMigrator.ExecuteStatements(IEnumerable`1 migrationStatements)
   在 System.Data.Entity.Migrations.DbMigrator.ExecuteOperations(String migrationId, VersionedModel targetModel, IEnumerable`1 operations, IEnumerable`1 systemOperations, Boolean downgrading, Boolean auto)
   在 System.Data.Entity.Migrations.DbMigrator.AutoMigrate(String migrationId, VersionedModel sourceModel, VersionedModel targetModel, Boolean downgrading)
   在 System.Data.Entity.Migrations.DbMigrator.Upgrade(IEnumerable`1 pendingMigrations, String targetMigrationId, String lastMigrationId)
   在 System.Data.Entity.Migrations.DbMigrator.UpdateInternal(String targetMigration)
   在 System.Data.Entity.Migrations.DbMigrator.<>c__DisplayClasse.<Update>b__d()
   在 System.Data.Entity.Migrations.DbMigrator.EnsureDatabaseExists(Action mustSucceedToKeepDatabase)
   在 System.Data.Entity.Migrations.DbMigrator.Update(String targetMigration)
   在 System.Data.Entity.MigrateDatabaseToLatestVersion`2.InitializeDatabase(TContext context)
   在 System.Data.Entity.Internal.InternalContext.<>c__DisplayClassf`1.<CreateInitializationAction>b__e()
   在 System.Data.Entity.Internal.InternalContext.PerformInitializationAction(Action action)
   在 System.Data.Entity.Internal.InternalContext.PerformDatabaseInitialization()
   在 System.Data.Entity.Internal.LazyInternalContext.<InitializeDatabase>b__4(InternalContext c)
   在 System.Data.Entity.Internal.RetryAction`1.PerformAction(TInput input)
   在 System.Data.Entity.Internal.LazyInternalContext.InitializeDatabaseAction(Action`1 action)
   在 System.Data.Entity.Internal.LazyInternalContext.InitializeDatabase()
   在 System.Data.Entity.Internal.InternalContext.Initialize()
   在 System.Data.Entity.Internal.InternalContext.GetEntitySetAndBaseTypeForType(Type entityType)
   在 System.Data.Entity.Internal.Linq.InternalSet`1.Initialize()
   在 System.Data.Entity.Internal.Linq.InternalSet`1.GetEnumerator()
   在 System.Data.Entity.Infrastructure.DbQuery`1.System.Collections.Generic.IEnumerable<TResult>.GetEnumerator()
   在 System.Collections.Generic.List`1..ctor(IEnumerable`1 collection)
   在 System.Linq.Enumerable.ToList[TSource](IEnumerable`1 source)
   在 Console.CacheUtil.get_AllFuncs() 位置 G:\SourceCode\GTZX\Console\App_Start\CacheUtil.cs:行号 112
   在 Console.CacheUtil.GetForbiddenFuncs() 位置 G:\SourceCode\GTZX\Console\App_Start\CacheUtil.cs:行号 151
   在 ASP._Page_Views_Shared__TopLayout_cshtml.Execute() 位置 g:\SourceCode\GTZX\Console\Views\Shared\_TopLayout.cshtml:行号 23
   在 System.Web.WebPages.WebPageBase.ExecutePageHierarchy()
   在 System.Web.Mvc.WebViewPage.ExecutePageHierarchy()
   在 System.Web.WebPages.WebPageBase.ExecutePageHierarchy(WebPageContext pageContext, TextWriter writer, WebPageRenderingBase startPage)
   在 System.Web.WebPages.WebPageBase.<>c__DisplayClass3.<RenderPageCore>b__2(TextWriter writer)
   在 System.Web.WebPages.HelperResult.WriteTo(TextWriter writer)
   在 System.Web.WebPages.WebPageBase.Write(HelperResult result)
   在 System.Web.WebPages.WebPageBase.RenderSurrounding(String partialViewName, Action`1 body)
   在 System.Web.WebPages.WebPageBase.PopContext()
   在 System.Web.WebPages.WebPageBase.ExecutePageHierarchy(WebPageContext pageContext, TextWriter writer, WebPageRenderingBase startPage)
   在 System.Web.Mvc.RazorView.RenderView(ViewContext viewContext, TextWriter writer, Object instance)
   在 System.Web.Mvc.BuildManagerCompiledView.Render(ViewContext viewContext, TextWriter writer)
   在 System.Web.Mvc.ViewResultBase.ExecuteResult(ControllerContext context)
   在 System.Web.Mvc.ControllerActionInvoker.InvokeActionResult(ControllerContext controllerContext, ActionResult actionResult)
   在 System.Web.Mvc.ControllerActionInvoker.InvokeActionResultFilterRecursive(IList`1 filters, Int32 filterIndex, ResultExecutingContext preContext, ControllerContext controllerContext, ActionResult actionResult)
   在 System.Web.Mvc.ControllerActionInvoker.InvokeActionResultFilterRecursive(IList`1 filters, Int32 filterIndex, ResultExecutingContext preContext, ControllerContext controllerContext, ActionResult actionResult)
   在 System.Web.Mvc.ControllerActionInvoker.InvokeActionResultFilterRecursive(IList`1 filters, Int32 filterIndex, ResultExecutingContext preContext, ControllerContext controllerContext, ActionResult actionResult)
   在 System.Web.Mvc.ControllerActionInvoker.InvokeActionResultFilterRecursive(IList`1 filters, Int32 filterIndex, ResultExecutingContext preContext, ControllerContext controllerContext, ActionResult actionResult)
   在 System.Web.Mvc.ControllerActionInvoker.InvokeActionResultWithFilters(ControllerContext controllerContext, IList`1 filters, ActionResult actionResult)
   在 System.Web.Mvc.Async.AsyncControllerActionInvoker.<>c__DisplayClass21.<>c__DisplayClass2b.<BeginInvokeAction>b__1c()
   在 System.Web.Mvc.Async.AsyncControllerActionInvoker.<>c__DisplayClass21.<BeginInvokeAction>b__1e(IAsyncResult asyncResult)
ClientConnectionId:8ae0bfdc-ba4d-4053-be3d-a9fbfaca0b91
Error Number:3701,State:5,Class:11
2018-10-25 17:47:23,962 [7] ERROR Console - System.Data.SqlClient.SqlException (0x80131904): 无法对 表 'dbo.Biz_RegulationDoc' 执行 删除，因为它不存在，或者您没有所需的权限。
   在 System.Data.SqlClient.SqlConnection.OnError(SqlException exception, Boolean breakConnection, Action`1 wrapCloseInAction)
   在 System.Data.SqlClient.SqlInternalConnection.OnError(SqlException exception, Boolean breakConnection, Action`1 wrapCloseInAction)
   在 System.Data.SqlClient.TdsParser.ThrowExceptionAndWarning(TdsParserStateObject stateObj, Boolean callerHasConnectionLock, Boolean asyncClose)
   在 System.Data.SqlClient.TdsParser.TryRun(RunBehavior runBehavior, SqlCommand cmdHandler, SqlDataReader dataStream, BulkCopySimpleResultSet bulkCopyHandler, TdsParserStateObject stateObj, Boolean& dataReady)
   在 System.Data.SqlClient.SqlCommand.RunExecuteNonQueryTds(String methodName, Boolean async, Int32 timeout, Boolean asyncWrite)
   在 System.Data.SqlClient.SqlCommand.InternalExecuteNonQuery(TaskCompletionSource`1 completion, String methodName, Boolean sendToPipe, Int32 timeout, Boolean& usedCache, Boolean asyncWrite, Boolean inRetry)
   在 System.Data.SqlClient.SqlCommand.ExecuteNonQuery()
   在 System.Data.Entity.Infrastructure.Interception.DbCommandDispatcher.<NonQuery>b__0(DbCommand t, DbCommandInterceptionContext`1 c)
   在 System.Data.Entity.Infrastructure.Interception.InternalDispatcher`1.Dispatch[TTarget,TInterceptionContext,TResult](TTarget target, Func`3 operation, TInterceptionContext interceptionContext, Action`3 executing, Action`3 executed)
   在 System.Data.Entity.Infrastructure.Interception.DbCommandDispatcher.NonQuery(DbCommand command, DbCommandInterceptionContext interceptionContext)
   在 System.Data.Entity.Internal.InterceptableDbCommand.ExecuteNonQuery()
   在 System.Data.Entity.Migrations.DbMigrator.ExecuteSql(MigrationStatement migrationStatement, DbConnection connection, DbTransaction transaction, DbInterceptionContext interceptionContext)
   在 System.Data.Entity.Migrations.DbMigrator.ExecuteStatementsInternal(IEnumerable`1 migrationStatements, DbConnection connection, DbTransaction transaction, DbInterceptionContext interceptionContext)
   在 System.Data.Entity.Migrations.DbMigrator.ExecuteStatementsWithinTransaction(IEnumerable`1 migrationStatements, DbTransaction transaction, DbInterceptionContext interceptionContext)
   在 System.Data.Entity.Migrations.DbMigrator.ExecuteStatementsWithinNewTransaction(IEnumerable`1 migrationStatements, DbConnection connection, DbInterceptionContext interceptionContext)
   在 System.Data.Entity.Migrations.DbMigrator.ExecuteStatementsInternal(IEnumerable`1 migrationStatements, DbConnection connection, DbInterceptionContext interceptionContext)
   在 System.Data.Entity.Migrations.DbMigrator.ExecuteStatementsInternal(IEnumerable`1 migrationStatements, DbConnection connection)
   在 System.Data.Entity.Migrations.DbMigrator.<>c__DisplayClass32.<ExecuteStatements>b__30()
   在 System.Data.Entity.SqlServer.DefaultSqlExecutionStrategy.<>c__DisplayClass1.<Execute>b__0()
   在 System.Data.Entity.SqlServer.DefaultSqlExecutionStrategy.Execute[TResult](Func`1 operation)
   在 System.Data.Entity.SqlServer.DefaultSqlExecutionStrategy.Execute(Action operation)
   在 System.Data.Entity.Migrations.DbMigrator.ExecuteStatements(IEnumerable`1 migrationStatements, DbTransaction existingTransaction)
   在 System.Data.Entity.Migrations.DbMigrator.ExecuteStatements(IEnumerable`1 migrationStatements)
   在 System.Data.Entity.Migrations.DbMigrator.ExecuteOperations(String migrationId, VersionedModel targetModel, IEnumerable`1 operations, IEnumerable`1 systemOperations, Boolean downgrading, Boolean auto)
   在 System.Data.Entity.Migrations.DbMigrator.AutoMigrate(String migrationId, VersionedModel sourceModel, VersionedModel targetModel, Boolean downgrading)
   在 System.Data.Entity.Migrations.DbMigrator.Upgrade(IEnumerable`1 pendingMigrations, String targetMigrationId, String lastMigrationId)
   在 System.Data.Entity.Migrations.DbMigrator.UpdateInternal(String targetMigration)
   在 System.Data.Entity.Migrations.DbMigrator.<>c__DisplayClasse.<Update>b__d()
   在 System.Data.Entity.Migrations.DbMigrator.EnsureDatabaseExists(Action mustSucceedToKeepDatabase)
   在 System.Data.Entity.Migrations.DbMigrator.Update(String targetMigration)
   在 System.Data.Entity.MigrateDatabaseToLatestVersion`2.InitializeDatabase(TContext context)
   在 System.Data.Entity.Internal.InternalContext.<>c__DisplayClassf`1.<CreateInitializationAction>b__e()
   在 System.Data.Entity.Internal.InternalContext.PerformInitializationAction(Action action)
   在 System.Data.Entity.Internal.InternalContext.PerformDatabaseInitialization()
   在 System.Data.Entity.Internal.LazyInternalContext.<InitializeDatabase>b__4(InternalContext c)
   在 System.Data.Entity.Internal.RetryAction`1.PerformAction(TInput input)
   在 System.Data.Entity.Internal.LazyInternalContext.InitializeDatabaseAction(Action`1 action)
   在 System.Data.Entity.Internal.LazyInternalContext.InitializeDatabase()
   在 System.Data.Entity.Internal.InternalContext.Initialize()
   在 System.Data.Entity.Internal.InternalContext.GetEntitySetAndBaseTypeForType(Type entityType)
   在 System.Data.Entity.Internal.Linq.InternalSet`1.Initialize()
   在 System.Data.Entity.Internal.Linq.InternalSet`1.GetEnumerator()
   在 System.Data.Entity.Infrastructure.DbQuery`1.System.Collections.Generic.IEnumerable<TResult>.GetEnumerator()
   在 System.Collections.Generic.List`1..ctor(IEnumerable`1 collection)
   在 System.Linq.Enumerable.ToList[TSource](IEnumerable`1 source)
   在 Console.CacheUtil.get_AllFuncs() 位置 G:\SourceCode\GTZX\Console\App_Start\CacheUtil.cs:行号 112
   在 Console.CacheUtil.GetForbiddenFuncs() 位置 G:\SourceCode\GTZX\Console\App_Start\CacheUtil.cs:行号 151
   在 ASP._Page_Views_Shared__TopLayout_cshtml.Execute() 位置 g:\SourceCode\GTZX\Console\Views\Shared\_TopLayout.cshtml:行号 23
   在 System.Web.WebPages.WebPageBase.ExecutePageHierarchy()
   在 System.Web.Mvc.WebViewPage.ExecutePageHierarchy()
   在 System.Web.WebPages.WebPageBase.ExecutePageHierarchy(WebPageContext pageContext, TextWriter writer, WebPageRenderingBase startPage)
   在 System.Web.WebPages.WebPageBase.<>c__DisplayClass3.<RenderPageCore>b__2(TextWriter writer)
   在 System.Web.WebPages.HelperResult.WriteTo(TextWriter writer)
   在 System.Web.WebPages.WebPageBase.Write(HelperResult result)
   在 System.Web.WebPages.WebPageBase.RenderSurrounding(String partialViewName, Action`1 body)
   在 System.Web.WebPages.WebPageBase.PopContext()
   在 System.Web.WebPages.WebPageBase.ExecutePageHierarchy(WebPageContext pageContext, TextWriter writer, WebPageRenderingBase startPage)
   在 System.Web.Mvc.RazorView.RenderView(ViewContext viewContext, TextWriter writer, Object instance)
   在 System.Web.Mvc.BuildManagerCompiledView.Render(ViewContext viewContext, TextWriter writer)
   在 System.Web.Mvc.ViewResultBase.ExecuteResult(ControllerContext context)
   在 System.Web.Mvc.ControllerActionInvoker.InvokeActionResult(ControllerContext controllerContext, ActionResult actionResult)
   在 System.Web.Mvc.ControllerActionInvoker.InvokeActionResultFilterRecursive(IList`1 filters, Int32 filterIndex, ResultExecutingContext preContext, ControllerContext controllerContext, ActionResult actionResult)
   在 System.Web.Mvc.ControllerActionInvoker.InvokeActionResultFilterRecursive(IList`1 filters, Int32 filterIndex, ResultExecutingContext preContext, ControllerContext controllerContext, ActionResult actionResult)
   在 System.Web.Mvc.ControllerActionInvoker.InvokeActionResultFilterRecursive(IList`1 filters, Int32 filterIndex, ResultExecutingContext preContext, ControllerContext controllerContext, ActionResult actionResult)
   在 System.Web.Mvc.ControllerActionInvoker.InvokeActionResultFilterRecursive(IList`1 filters, Int32 filterIndex, ResultExecutingContext preContext, ControllerContext controllerContext, ActionResult actionResult)
   在 System.Web.Mvc.ControllerActionInvoker.InvokeActionResultWithFilters(ControllerContext controllerContext, IList`1 filters, ActionResult actionResult)
   在 System.Web.Mvc.Async.AsyncControllerActionInvoker.<>c__DisplayClass21.<>c__DisplayClass2b.<BeginInvokeAction>b__1c()
   在 System.Web.Mvc.Async.AsyncControllerActionInvoker.<>c__DisplayClass21.<BeginInvokeAction>b__1e(IAsyncResult asyncResult)
ClientConnectionId:472571d9-a3f4-4ad3-abff-bc0e7e037b66
Error Number:3701,State:5,Class:11
